[debug] [2021-12-23T12:37:58.064Z] ----------------------------------------------------------------------
[debug] [2021-12-23T12:37:58.068Z] Command:       C:\Program Files\nodejs\node.exe C:\Users\91951\AppData\Roaming\npm\node_modules\firebase-tools\lib\bin\firebase.js deploy
[debug] [2021-12-23T12:37:58.069Z] CLI Version:   9.23.3
[debug] [2021-12-23T12:37:58.069Z] Platform:      win32
[debug] [2021-12-23T12:37:58.069Z] Node Version:  v14.17.1
[debug] [2021-12-23T12:37:58.070Z] Time:          Thu Dec 23 2021 18:07:58 GMT+0530 (India Standard Time)
[debug] [2021-12-23T12:37:58.070Z] ----------------------------------------------------------------------
[debug] 
[debug] [2021-12-23T12:37:58.140Z] > command requires scopes: ["email","openid","https://www.googleapis.com/auth/cloudplatformprojects.readonly","https://www.googleapis.com/auth/firebase","https://www.googleapis.com/auth/cloud-platform"]
[debug] [2021-12-23T12:37:58.140Z] > authorizing via signed-in user (babbarabhay1852@gmail.com)
[debug] [2021-12-23T12:37:58.140Z] [iam] checking project hotstar-clone-64552 for permissions ["firebase.projects.get","firebasehosting.sites.update"]
[debug] [2021-12-23T12:37:58.143Z] >>> HTTP REQUEST POST https://cloudresourcemanager.googleapis.com/v1/projects/hotstar-clone-64552:testIamPermissions  
 {"permissions":["firebase.projects.get","firebasehosting.sites.update"]}
[debug] [2021-12-23T12:37:59.618Z] <<< HTTP RESPONSE 200 {"content-type":"application/json; charset=UTF-8","vary":"X-Origin, Referer, Origin,Accept-Encoding","date":"Thu, 23 Dec 2021 12:38:01 GMT","server":"ESF","cache-control":"private","x-xss-protection":"0","x-frame-options":"SAMEORIGIN","x-content-type-options":"nosniff","server-timing":"gfet4t7; dur=1356","alt-svc":"h3=\":443\"; ma=2592000,h3-29=\":443\"; ma=2592000,h3-Q050=\":443\"; ma=2592000,h3-Q046=\":443\"; ma=2592000,h3-Q043=\":443\"; ma=2592000,quic=\":443\"; ma=2592000; v=\"46,43\"","accept-ranges":"none","transfer-encoding":"chunked"}
[debug] [2021-12-23T12:37:59.621Z] > refreshing access token with scopes: []
[debug] [2021-12-23T12:37:59.622Z] >>> HTTP REQUEST POST https://www.googleapis.com/oauth2/v3/token  
 <request body omitted>
[debug] [2021-12-23T12:37:59.795Z] <<< HTTP RESPONSE 200 {"cache-control":"no-cache, no-store, max-age=0, must-revalidate","pragma":"no-cache","expires":"Mon, 01 Jan 1990 00:00:00 GMT","date":"Thu, 23 Dec 2021 12:38:01 GMT","content-type":"application/json; charset=utf-8","vary":"X-Origin, Referer, Origin,Accept-Encoding","server":"scaffolding on HTTPServer2","x-xss-protection":"0","x-frame-options":"SAMEORIGIN","x-content-type-options":"nosniff","alt-svc":"h3=\":443\"; ma=2592000,h3-29=\":443\"; ma=2592000,h3-Q050=\":443\"; ma=2592000,h3-Q046=\":443\"; ma=2592000,h3-Q043=\":443\"; ma=2592000,quic=\":443\"; ma=2592000; v=\"46,43\"","accept-ranges":"none","transfer-encoding":"chunked"}
[debug] [2021-12-23T12:37:59.806Z] >>> [apiv2][query] GET https://firebase.googleapis.com/v1beta1/projects/hotstar-clone-64552 [none]
[debug] [2021-12-23T12:38:00.200Z] <<< [apiv2][status] GET https://firebase.googleapis.com/v1beta1/projects/hotstar-clone-64552 200
[debug] [2021-12-23T12:38:00.200Z] <<< [apiv2][body] GET https://firebase.googleapis.com/v1beta1/projects/hotstar-clone-64552 {"projectId":"hotstar-clone-64552","projectNumber":"676322279657","displayName":"hotstar-clone","name":"projects/hotstar-clone-64552","resources":{"hostingSite":"hotstar-clone-64552","storageBucket":"hotstar-clone-64552.appspot.com","locationId":"asia-south1"},"state":"ACTIVE"}
[info] 
[info] === Deploying to 'hotstar-clone-64552'...
[info] 
[info] i  deploying hosting 
[debug] [2021-12-23T12:38:00.205Z] > refreshing access token with scopes: ["email","https://www.googleapis.com/auth/cloud-platform","https://www.googleapis.com/auth/cloudplatformprojects.readonly","https://www.googleapis.com/auth/firebase","openid"]
[debug] [2021-12-23T12:38:00.205Z] >>> HTTP REQUEST POST https://www.googleapis.com/oauth2/v3/token  
 <request body omitted>
[debug] [2021-12-23T12:38:00.369Z] <<< HTTP RESPONSE 200 {"cache-control":"no-cache, no-store, max-age=0, must-revalidate","date":"Thu, 23 Dec 2021 12:38:02 GMT","expires":"Mon, 01 Jan 1990 00:00:00 GMT","pragma":"no-cache","content-type":"application/json; charset=utf-8","vary":"X-Origin, Referer, Origin,Accept-Encoding","server":"scaffolding on HTTPServer2","x-xss-protection":"0","x-frame-options":"SAMEORIGIN","x-content-type-options":"nosniff","alt-svc":"h3=\":443\"; ma=2592000,h3-29=\":443\"; ma=2592000,h3-Q050=\":443\"; ma=2592000,h3-Q046=\":443\"; ma=2592000,h3-Q043=\":443\"; ma=2592000,quic=\":443\"; ma=2592000; v=\"46,43\"","accept-ranges":"none","transfer-encoding":"chunked"}
[debug] [2021-12-23T12:38:00.378Z] >>> HTTP REQUEST POST https://firebasehosting.googleapis.com/v1beta1/sites/hotstar-clone-64552/versions  
 {"config":{"rewrites":[{"glob":"**","path":"/index.html"}]},"labels":{"deployment-tool":"cli-firebase"}}
[debug] [2021-12-23T12:38:02.300Z] <<< HTTP RESPONSE 200 {"content-type":"application/json; charset=UTF-8","vary":"X-Origin, Referer, Origin,Accept-Encoding","date":"Thu, 23 Dec 2021 12:38:04 GMT","server":"ESF","cache-control":"private","x-xss-protection":"0","x-frame-options":"SAMEORIGIN","x-content-type-options":"nosniff","alt-svc":"h3=\":443\"; ma=2592000,h3-29=\":443\"; ma=2592000,h3-Q050=\":443\"; ma=2592000,h3-Q046=\":443\"; ma=2592000,h3-Q043=\":443\"; ma=2592000,quic=\":443\"; ma=2592000; v=\"46,43\"","accept-ranges":"none","transfer-encoding":"chunked"}
[info] i  hosting[hotstar-clone-64552]: beginning deploy... 
[info] i  hosting[hotstar-clone-64552]: found 51 files in build 
[debug] [2021-12-23T12:38:02.717Z] > refreshing access token with scopes: []
[debug] [2021-12-23T12:38:02.717Z] >>> HTTP REQUEST POST https://www.googleapis.com/oauth2/v3/token  
 <request body omitted>
[debug] [2021-12-23T12:38:02.719Z] [hosting] hash cache [YnVpbGQ] stored for 51 files
[debug] [2021-12-23T12:38:02.720Z] [hosting][hash queue][FINAL] {"max":383,"min":0,"avg":12.588235294117647,"active":0,"complete":51,"success":51,"errored":0,"retried":0,"total":51,"elapsed":393}
[debug] [2021-12-23T12:38:02.880Z] <<< HTTP RESPONSE 200 {"cache-control":"no-cache, no-store, max-age=0, must-revalidate","expires":"Mon, 01 Jan 1990 00:00:00 GMT","date":"Thu, 23 Dec 2021 12:38:04 GMT","pragma":"no-cache","content-type":"application/json; charset=utf-8","vary":"X-Origin, Referer, Origin,Accept-Encoding","server":"scaffolding on HTTPServer2","x-xss-protection":"0","x-frame-options":"SAMEORIGIN","x-content-type-options":"nosniff","alt-svc":"h3=\":443\"; ma=2592000,h3-29=\":443\"; ma=2592000,h3-Q050=\":443\"; ma=2592000,h3-Q046=\":443\"; ma=2592000,h3-Q043=\":443\"; ma=2592000,quic=\":443\"; ma=2592000; v=\"46,43\"","accept-ranges":"none","transfer-encoding":"chunked"}
[debug] [2021-12-23T12:38:02.888Z] >>> [apiv2][query] POST https://firebasehosting.googleapis.com/v1beta1/sites/hotstar-clone-64552/versions/9b91cf556924efde:populateFiles [none]
[debug] [2021-12-23T12:38:02.889Z] >>> [apiv2][body] POST https://firebasehosting.googleapis.com/v1beta1/sites/hotstar-clone-64552/versions/9b91cf556924efde:populateFiles {"files":{"/favicon.ico":"87aecafb41d21ea93b7af81398237b980c43ee880676c78630ee2d1e9a6d711f","/logo192.png":"ebf380e341383bbf65d6a762603f630a9f7610c97f32bd297bc097635bc37ee3","/logo512.png":"c55d034d9cf7abfac7600919cbf4f4ce2f3ea3478df91d01177e8ff136f58918","/manifest.json":"aff3449bdc238776f5d6d967f19ec491b36aed5fb7f23ccff6500736fd58494a","/robots.txt":"5fcd5c559ded0c02b3ed7840ca3ee77e95b798730af98d9f18bc627ac898071e","/images/cta-logo-one.svg":"66ce22e859b8bde4fa8aaf450f855529f02864f8bbbb9212ed40f8217a8ca747","/images/cta-logo-two.png":"b9b285d313e3f7f912d2798bff9aaa746e77869160f3342d72ed338b84c5a20a","/images/favicon.svg":"5a920e79285527d616f1b76a8fc13283143f7ea1b12187a05e75318027a0c419","/images/group-icon.png":"1798cb8ad7edb1138131e47b6817f65c4a55627cbaeaa979afad659d15abfd19","/images/home-background.png":"da30f5f71771e53a6c4a9b7b230cd5e53170f51f18454482442e6b8f9b941bca","/images/home-icon.svg":"f5b4007dff7c18edadc6cc773b20f2bcec6242604045d944199758aefc086285","/images/login-background.jpg":"bbfc903274847c5dc1100ec0ed045c3d953866bd6680b0651f9925413c2fe83c","/images/logo.svg":"e25daeaa18d66d4fb7fa4d5d8ddcdad6998f7857f053f3215988eecfd5c8e84d","/images/movie-icon.svg":"d1ab665dd306e65aa4e62f85d2a13cd9f8da4d91b746059b62b6e0b88465789f","/images/original-icon.svg":"f7343ba4e23979b11ede53671b5c9a97d519b60836bac82e872a497faf603c09","/images/play-icon-black.png":"c3387af7b93ec8277ec5b9a55f56bd7abc2c20094b6e566077715c8d8a38392a","/images/play-icon-white.png":"0229cddaba90d2c69898d6198ebfca134a73cb48da68c221117c979e870f22ee","/images/search-icon.svg":"922033f1f347cb14781c1f1802e1975475f4f677112e5b81023a4d46e103e57d","/images/series-icon.svg":"649c2bdfca076bcb9bf6eede2b5a7a865a2058e8ce224678f8df731cbcbe5429","/images/slider-badag.jpg":"96a8ca6da0fecf5f8a0720dd762f44a67ec7d7cd6b5f104cb3055d88e4d7128d","/images/slider-badging.jpg":"bf442e7f764a86daa6fb6d14140d9afe7cda865d75bbb1c2fad8c2988a4c82dc","/images/slider-scale.jpg":"db3022ddc406882b1ff329bb6d3578f70b3393115d9fbf6695361e001e290fcd","/images/slider-scales.jpg":"9371d8e5eb2a6107c91977877930553dce149a29e7b80462296f419a047015a9","/images/viewers-disney.png":"aa5eff06f089b2e52225238c5560eb935d31c6f244c6ff7ceb7de46215e72d26","/images/viewers-marvel.png":"94bddd6c074238483a891a5c0e69fcadd2aa6781b0332f022859fe67ba90ff31","/images/viewers-national.png":"fcbbb9883766d4d49beaf561d20d5743fbe1351bb18a35db54e042b5c16ddcf5","/images/viewers-pixar.png":"cffb46dc9cdd4051ede17067e0571381053fce7c0bd3851ba3c5acc2f04b7bc3","/images/viewers-starwars.png":"aeb6d50178afdf24e6e6728f75040865ab6442290e0afa7c0c2c4617bb41fc16","/images/watchlist-icon.svg":"92c817ceaea1aa0ec269065f22bc34c0ddc395d99b706a59db7cbf92cfb2a9f7","/videos/1564674844-disney.mp4":"b75349f41e10181823c43a00643e114d9f54d1b6a610fba093ea2fc4a6f0cbda","/videos/1564676115-marvel.mp4":"07e87ef642059ba8e7f3dd827b3fad2c2fd69d10ce3c1bf68c57d964180c1c86","/videos/1564676296-national-geographic.mp4":"aa332a3912f9f579500863a8e7d63914d233b5def54eff2085374fb4060cc844","/videos/1564676714-pixar.mp4":"bfd93694d25b61726ad8ac0a81c79fc69ad0f25284363d370668d7246f291e20","/videos/1608229455-star-wars.mp4":"b85f3e4140753c833e8d470f60c2d2fb0c83528d903f6ccd1e040df0514117e4","/asset-manifest.json":"7288daa91f49621042a748e6e01a39af983fd7db21623ec7d06ae9d61a44af49","/index.html":"19c9a1ab96ed4aec50e1ef0f8c2c935a7b4dd9e1ae401f4c0d0ad70e4f665868","/static/css/2.19627560.chunk.css.map":"7f002c875e5f53232bec7f99bdcea66575728b176cb097bf3b9cfd03bbd37cc7","/static/css/2.19627560.chunk.css":"ab9420781161881b8cc4156dcdb38a65920f48d24bc58f863aecf00ac2e0b5a3","/static/css/main.0e464d8d.chunk.css":"ad67a4fb2564809e6a9e95d2a74c2f422e37ab719b06a295d64bdefd4977f293","/static/css/main.0e464d8d.chunk.css.map":"0c95c7c7ccd4a40fc26f5b38b322b9a7869fd5af4ec766cc450be02a304c4c30","/static/js/2.c6a67777.chunk.js.LICENSE.txt":"ce32c038e0588af9534dcc82acc12d81d11127a32f77bb5917aba2fb9e2a2f38","/static/js/main.1b7b628a.chunk.js":"6d76429d982e9f63c7acda78d15485903ec4d95364537c90a11ca6bfcfdd1f6b","/static/js/runtime-main.ab89082a.js":"ac0a02096ecfdeb202247242c327b28f731f891a468033fb48886f7045b4e4ac","/static/js/runtime-main.ab89082a.js.map":"d1fd9b8f6ccf3f60cdea5d37a3643f74f7633975b7941d7716d5babf0ec9b4b6","/static/media/slick.2630a3e3.svg":"d00477d40ed40fa1dd3bdee27d9286804121b15fea83bae7d5415d902b055de0","/static/media/slick.29518378.woff":"029a727c9e1081d2f9e1015f02f18da88f268512ea4f58589a6f17f532928530","/static/media/slick.a4e97f5a.eot":"52b9a169969e053d43df6bd21c4dc789c2518d99afd8590a17ef50cd24c77cf6","/static/media/slick.c94f7671.ttf":"6aad751007cf9a89350af287f824ab64f096c472c7c9c679fb3d55b6174fc004","/static/js/main.1b7b628a.chunk.js.map":"64c974a87aa6964d3e4b57fc7e4e025c090f9807059a96bbae1d1e543ca6d328","/static/js/2.c6a67777.chunk.js":"d03a92aab180a7e89d95d02750da39ddc2b1901bfaa19c2e6b6b015890b06110","/static/js/2.c6a67777.chunk.js.map":"3c1e93cdcd59dc4d0d27a4e8f563c838db165dc47f0fe25b5b402ecc9e60b85f"}}
[debug] [2021-12-23T12:38:04.647Z] <<< [apiv2][status] POST https://firebasehosting.googleapis.com/v1beta1/sites/hotstar-clone-64552/versions/9b91cf556924efde:populateFiles 200
[debug] [2021-12-23T12:38:04.647Z] <<< [apiv2][body] POST https://firebasehosting.googleapis.com/v1beta1/sites/hotstar-clone-64552/versions/9b91cf556924efde:populateFiles {"uploadRequiredHashes":["6d76429d982e9f63c7acda78d15485903ec4d95364537c90a11ca6bfcfdd1f6b","7288daa91f49621042a748e6e01a39af983fd7db21623ec7d06ae9d61a44af49","64c974a87aa6964d3e4b57fc7e4e025c090f9807059a96bbae1d1e543ca6d328","19c9a1ab96ed4aec50e1ef0f8c2c935a7b4dd9e1ae401f4c0d0ad70e4f665868"],"uploadUrl":"https://upload-firebasehosting.googleapis.com/upload/sites/hotstar-clone-64552/versions/9b91cf556924efde/files"}
[debug] [2021-12-23T12:38:04.649Z] >>> [apiv2][query] POST https://upload-firebasehosting.googleapis.com/upload/sites/hotstar-clone-64552/versions/9b91cf556924efde/files/6d76429d982e9f63c7acda78d15485903ec4d95364537c90a11ca6bfcfdd1f6b [none]
[debug] [2021-12-23T12:38:04.649Z] >>> [apiv2][body] POST https://upload-firebasehosting.googleapis.com/upload/sites/hotstar-clone-64552/versions/9b91cf556924efde/files/6d76429d982e9f63c7acda78d15485903ec4d95364537c90a11ca6bfcfdd1f6b [stream]
[debug] [2021-12-23T12:38:04.650Z] >>> [apiv2][query] POST https://upload-firebasehosting.googleapis.com/upload/sites/hotstar-clone-64552/versions/9b91cf556924efde/files/7288daa91f49621042a748e6e01a39af983fd7db21623ec7d06ae9d61a44af49 [none]
[debug] [2021-12-23T12:38:04.651Z] >>> [apiv2][body] POST https://upload-firebasehosting.googleapis.com/upload/sites/hotstar-clone-64552/versions/9b91cf556924efde/files/7288daa91f49621042a748e6e01a39af983fd7db21623ec7d06ae9d61a44af49 [stream]
[debug] [2021-12-23T12:38:04.652Z] >>> [apiv2][query] POST https://upload-firebasehosting.googleapis.com/upload/sites/hotstar-clone-64552/versions/9b91cf556924efde/files/64c974a87aa6964d3e4b57fc7e4e025c090f9807059a96bbae1d1e543ca6d328 [none]
[debug] [2021-12-23T12:38:04.652Z] >>> [apiv2][body] POST https://upload-firebasehosting.googleapis.com/upload/sites/hotstar-clone-64552/versions/9b91cf556924efde/files/64c974a87aa6964d3e4b57fc7e4e025c090f9807059a96bbae1d1e543ca6d328 [stream]
[debug] [2021-12-23T12:38:04.653Z] >>> [apiv2][query] POST https://upload-firebasehosting.googleapis.com/upload/sites/hotstar-clone-64552/versions/9b91cf556924efde/files/19c9a1ab96ed4aec50e1ef0f8c2c935a7b4dd9e1ae401f4c0d0ad70e4f665868 [none]
[debug] [2021-12-23T12:38:04.653Z] >>> [apiv2][body] POST https://upload-firebasehosting.googleapis.com/upload/sites/hotstar-clone-64552/versions/9b91cf556924efde/files/19c9a1ab96ed4aec50e1ef0f8c2c935a7b4dd9e1ae401f4c0d0ad70e4f665868 [stream]
[debug] [2021-12-23T12:38:04.654Z] [hosting][populate queue][FINAL] {"max":1933,"min":1933,"avg":1933,"active":0,"complete":1,"success":1,"errored":0,"retried":0,"total":1,"elapsed":1938}
[debug] [2021-12-23T12:38:04.654Z] [hosting] uploads queued: 4
